INFO:werkzeug: * Detected change in 'C:\\Users\\kate2\\dressmeup\\app.py', reloading
INFO:werkzeug: * Restarting with stat
DEBUG:botocore.hooks:Changing event name from creating-client-class.iot-data to creating-client-class.iot-data-plane
DEBUG:botocore.hooks:Changing event name from before-call.apigateway to before-call.api-gateway
DEBUG:botocore.hooks:Changing event name from request-created.machinelearning.Predict to request-created.machine-learning.Predict
DEBUG:botocore.hooks:Changing event name from before-parameter-build.autoscaling.CreateLaunchConfiguration to before-parameter-build.auto-scaling.CreateLaunchConfiguration
DEBUG:botocore.hooks:Changing event name from before-parameter-build.route53 to before-parameter-build.route-53
DEBUG:botocore.hooks:Changing event name from request-created.cloudsearchdomain.Search to request-created.cloudsearch-domain.Search
DEBUG:botocore.hooks:Changing event name from docs.*.autoscaling.CreateLaunchConfiguration.complete-section to docs.*.auto-scaling.CreateLaunchConfiguration.complete-section
DEBUG:botocore.hooks:Changing event name from before-parameter-build.logs.CreateExportTask to before-parameter-build.cloudwatch-logs.CreateExportTask
DEBUG:botocore.hooks:Changing event name from docs.*.logs.CreateExportTask.complete-section to docs.*.cloudwatch-logs.CreateExportTask.complete-section
DEBUG:botocore.hooks:Changing event name from before-parameter-build.cloudsearchdomain.Search to before-parameter-build.cloudsearch-domain.Search
DEBUG:botocore.hooks:Changing event name from docs.*.cloudsearchdomain.Search.complete-section to docs.*.cloudsearch-domain.Search.complete-section
DEBUG:botocore.loaders:Loading JSON file: C:\Users\kate2\anaconda3\envs\dressmeup_env\lib\site-packages\botocore\data\endpoints.json
DEBUG:botocore.loaders:Loading JSON file: C:\Users\kate2\anaconda3\envs\dressmeup_env\lib\site-packages\botocore\data\sdk-default-configuration.json
DEBUG:botocore.hooks:Event choose-service-name: calling handler <function handle_service_name_alias at 0x0000020A631F1310>
DEBUG:botocore.loaders:Loading JSON file: C:\Users\kate2\anaconda3\envs\dressmeup_env\lib\site-packages\botocore\data\s3\2006-03-01\service-2.json.gz
DEBUG:botocore.loaders:Loading JSON file: C:\Users\kate2\anaconda3\envs\dressmeup_env\lib\site-packages\botocore\data\s3\2006-03-01\endpoint-rule-set-1.json.gz
DEBUG:botocore.loaders:Loading JSON file: C:\Users\kate2\anaconda3\envs\dressmeup_env\lib\site-packages\botocore\data\partitions.json
DEBUG:botocore.hooks:Event creating-client-class.s3: calling handler <function add_generate_presigned_post at 0x0000020A63013280>
DEBUG:botocore.hooks:Event creating-client-class.s3: calling handler <function lazy_call.<locals>._handler at 0x0000020A60205790>
DEBUG:botocore.hooks:Event creating-client-class.s3: calling handler <function add_generate_presigned_url at 0x0000020A63013040>
DEBUG:botocore.configprovider:Looking for endpoint for s3 via: environment_service
DEBUG:botocore.configprovider:Looking for endpoint for s3 via: environment_global
DEBUG:botocore.configprovider:Looking for endpoint for s3 via: config_service
DEBUG:botocore.configprovider:Looking for endpoint for s3 via: config_global
DEBUG:botocore.configprovider:No configured endpoint found.
DEBUG:botocore.endpoint:Setting s3 timeout as (60, 60)
DEBUG:botocore.loaders:Loading JSON file: C:\Users\kate2\anaconda3\envs\dressmeup_env\lib\site-packages\botocore\data\_retry.json
DEBUG:botocore.client:Registering retry handlers for service: s3
DEBUG:botocore.utils:Registering S3 region redirector handler
DEBUG:botocore.utils:Registering S3Express Identity Resolver
WARNING:werkzeug: * Debugger is active!
INFO:werkzeug: * Debugger PIN: 347-372-053
INFO:werkzeug: * Running on http://127.0.0.1:5000/ (Press CTRL+C to quit)
DEBUG:botocore.hooks:Changing event name from creating-client-class.iot-data to creating-client-class.iot-data-plane
DEBUG:botocore.hooks:Changing event name from before-call.apigateway to before-call.api-gateway
DEBUG:botocore.hooks:Changing event name from request-created.machinelearning.Predict to request-created.machine-learning.Predict
DEBUG:botocore.hooks:Changing event name from before-parameter-build.autoscaling.CreateLaunchConfiguration to before-parameter-build.auto-scaling.CreateLaunchConfiguration
DEBUG:botocore.hooks:Changing event name from before-parameter-build.route53 to before-parameter-build.route-53
DEBUG:botocore.hooks:Changing event name from request-created.cloudsearchdomain.Search to request-created.cloudsearch-domain.Search
DEBUG:botocore.hooks:Changing event name from docs.*.autoscaling.CreateLaunchConfiguration.complete-section to docs.*.auto-scaling.CreateLaunchConfiguration.complete-section
DEBUG:botocore.hooks:Changing event name from before-parameter-build.logs.CreateExportTask to before-parameter-build.cloudwatch-logs.CreateExportTask
DEBUG:botocore.hooks:Changing event name from docs.*.logs.CreateExportTask.complete-section to docs.*.cloudwatch-logs.CreateExportTask.complete-section
DEBUG:botocore.hooks:Changing event name from before-parameter-build.cloudsearchdomain.Search to before-parameter-build.cloudsearch-domain.Search
DEBUG:botocore.hooks:Changing event name from docs.*.cloudsearchdomain.Search.complete-section to docs.*.cloudsearch-domain.Search.complete-section
DEBUG:botocore.loaders:Loading JSON file: C:\Users\kate2\anaconda3\envs\dressmeup_env\lib\site-packages\botocore\data\endpoints.json
DEBUG:botocore.loaders:Loading JSON file: C:\Users\kate2\anaconda3\envs\dressmeup_env\lib\site-packages\botocore\data\sdk-default-configuration.json
DEBUG:botocore.hooks:Event choose-service-name: calling handler <function handle_service_name_alias at 0x000001657D1830D0>
DEBUG:botocore.loaders:Loading JSON file: C:\Users\kate2\anaconda3\envs\dressmeup_env\lib\site-packages\botocore\data\s3\2006-03-01\service-2.json.gz
DEBUG:botocore.loaders:Loading JSON file: C:\Users\kate2\anaconda3\envs\dressmeup_env\lib\site-packages\botocore\data\s3\2006-03-01\endpoint-rule-set-1.json.gz
DEBUG:botocore.loaders:Loading JSON file: C:\Users\kate2\anaconda3\envs\dressmeup_env\lib\site-packages\botocore\data\partitions.json
DEBUG:botocore.hooks:Event creating-client-class.s3: calling handler <function add_generate_presigned_post at 0x000001657D0F7040>
DEBUG:botocore.hooks:Event creating-client-class.s3: calling handler <function lazy_call.<locals>._handler at 0x0000016562295790>
DEBUG:botocore.hooks:Event creating-client-class.s3: calling handler <function add_generate_presigned_url at 0x000001657D0EFDC0>
DEBUG:botocore.configprovider:Looking for endpoint for s3 via: environment_service
DEBUG:botocore.configprovider:Looking for endpoint for s3 via: environment_global
DEBUG:botocore.configprovider:Looking for endpoint for s3 via: config_service
DEBUG:botocore.configprovider:Looking for endpoint for s3 via: config_global
DEBUG:botocore.configprovider:No configured endpoint found.
DEBUG:botocore.endpoint:Setting s3 timeout as (60, 60)
DEBUG:botocore.loaders:Loading JSON file: C:\Users\kate2\anaconda3\envs\dressmeup_env\lib\site-packages\botocore\data\_retry.json
DEBUG:botocore.client:Registering retry handlers for service: s3
DEBUG:botocore.utils:Registering S3 region redirector handler
DEBUG:botocore.utils:Registering S3Express Identity Resolver
INFO:werkzeug: * Restarting with stat
DEBUG:botocore.hooks:Changing event name from creating-client-class.iot-data to creating-client-class.iot-data-plane
DEBUG:botocore.hooks:Changing event name from before-call.apigateway to before-call.api-gateway
DEBUG:botocore.hooks:Changing event name from request-created.machinelearning.Predict to request-created.machine-learning.Predict
DEBUG:botocore.hooks:Changing event name from before-parameter-build.autoscaling.CreateLaunchConfiguration to before-parameter-build.auto-scaling.CreateLaunchConfiguration
DEBUG:botocore.hooks:Changing event name from before-parameter-build.route53 to before-parameter-build.route-53
DEBUG:botocore.hooks:Changing event name from request-created.cloudsearchdomain.Search to request-created.cloudsearch-domain.Search
DEBUG:botocore.hooks:Changing event name from docs.*.autoscaling.CreateLaunchConfiguration.complete-section to docs.*.auto-scaling.CreateLaunchConfiguration.complete-section
DEBUG:botocore.hooks:Changing event name from before-parameter-build.logs.CreateExportTask to before-parameter-build.cloudwatch-logs.CreateExportTask
DEBUG:botocore.hooks:Changing event name from docs.*.logs.CreateExportTask.complete-section to docs.*.cloudwatch-logs.CreateExportTask.complete-section
DEBUG:botocore.hooks:Changing event name from before-parameter-build.cloudsearchdomain.Search to before-parameter-build.cloudsearch-domain.Search
DEBUG:botocore.hooks:Changing event name from docs.*.cloudsearchdomain.Search.complete-section to docs.*.cloudsearch-domain.Search.complete-section
DEBUG:botocore.loaders:Loading JSON file: C:\Users\kate2\anaconda3\envs\dressmeup_env\lib\site-packages\botocore\data\endpoints.json
DEBUG:botocore.loaders:Loading JSON file: C:\Users\kate2\anaconda3\envs\dressmeup_env\lib\site-packages\botocore\data\sdk-default-configuration.json
DEBUG:botocore.hooks:Event choose-service-name: calling handler <function handle_service_name_alias at 0x00000196196F60D0>
DEBUG:botocore.loaders:Loading JSON file: C:\Users\kate2\anaconda3\envs\dressmeup_env\lib\site-packages\botocore\data\s3\2006-03-01\service-2.json.gz
DEBUG:botocore.loaders:Loading JSON file: C:\Users\kate2\anaconda3\envs\dressmeup_env\lib\site-packages\botocore\data\s3\2006-03-01\endpoint-rule-set-1.json.gz
DEBUG:botocore.loaders:Loading JSON file: C:\Users\kate2\anaconda3\envs\dressmeup_env\lib\site-packages\botocore\data\partitions.json
DEBUG:botocore.hooks:Event creating-client-class.s3: calling handler <function add_generate_presigned_post at 0x0000019619668040>
DEBUG:botocore.hooks:Event creating-client-class.s3: calling handler <function lazy_call.<locals>._handler at 0x000001967E845790>
DEBUG:botocore.hooks:Event creating-client-class.s3: calling handler <function add_generate_presigned_url at 0x0000019619631DC0>
DEBUG:botocore.configprovider:Looking for endpoint for s3 via: environment_service
DEBUG:botocore.configprovider:Looking for endpoint for s3 via: environment_global
DEBUG:botocore.configprovider:Looking for endpoint for s3 via: config_service
DEBUG:botocore.configprovider:Looking for endpoint for s3 via: config_global
DEBUG:botocore.configprovider:No configured endpoint found.
DEBUG:botocore.endpoint:Setting s3 timeout as (60, 60)
DEBUG:botocore.loaders:Loading JSON file: C:\Users\kate2\anaconda3\envs\dressmeup_env\lib\site-packages\botocore\data\_retry.json
DEBUG:botocore.client:Registering retry handlers for service: s3
DEBUG:botocore.utils:Registering S3 region redirector handler
DEBUG:botocore.utils:Registering S3Express Identity Resolver
WARNING:werkzeug: * Debugger is active!
INFO:werkzeug: * Debugger PIN: 347-372-053
INFO:werkzeug: * Running on http://127.0.0.1:5000/ (Press CTRL+C to quit)
INFO:app:This is an info message.
INFO:app:None
INFO:app:ImmutableMultiDict([])
INFO:werkzeug:127.0.0.1 - - [14/Mar/2024 20:28:25] "[35m[1mPATCH /model HTTP/1.1[0m" 500 -
INFO:app:This is an info message.
INFO:app:None
INFO:app:ImmutableMultiDict([])
INFO:werkzeug:127.0.0.1 - - [14/Mar/2024 20:28:35] "[35m[1mPATCH /model HTTP/1.1[0m" 500 -
INFO:app:This is an info message.
INFO:app:None
INFO:app:ImmutableMultiDict([('file', <FileStorage: "'.jpg" ('image/jpeg')>)])
DEBUG:boto3.s3.transfer:Opting out of CRT Transfer Manager. Preferred client: auto, CRT available: False, Instance Optimized: False.
DEBUG:boto3.s3.transfer:Using default client. pid: 9408, thread: 3664
DEBUG:s3transfer.utils:Acquiring 0
DEBUG:s3transfer.tasks:UploadSubmissionTask(transfer_id=0, {'transfer_future': <s3transfer.futures.TransferFuture object at 0x000001961B2D4D00>}) about to wait for the following futures []
DEBUG:s3transfer.tasks:UploadSubmissionTask(transfer_id=0, {'transfer_future': <s3transfer.futures.TransferFuture object at 0x000001961B2D4D00>}) done waiting for dependent futures
DEBUG:s3transfer.tasks:Executing task UploadSubmissionTask(transfer_id=0, {'transfer_future': <s3transfer.futures.TransferFuture object at 0x000001961B2D4D00>}) with kwargs {'client': <botocore.client.S3 object at 0x000001961AE56340>, 'config': <boto3.s3.transfer.TransferConfig object at 0x000001961B1F8F70>, 'osutil': <s3transfer.utils.OSUtils object at 0x000001961B3AC760>, 'request_executor': <s3transfer.futures.BoundedExecutor object at 0x000001961B3ACCD0>, 'transfer_future': <s3transfer.futures.TransferFuture object at 0x000001961B2D4D00>}
DEBUG:s3transfer.futures:Submitting task PutObjectTask(transfer_id=0, {'bucket': 'dressmeup-user', 'key': '√§ø¨¿Ã3_model_image_4561ec41dd964690b0519e70b41d6aaa.jpg', 'extra_args': {}}) to executor <s3transfer.futures.BoundedExecutor object at 0x000001961B3ACCD0> for transfer request: 0.
DEBUG:s3transfer.utils:Acquiring 0
DEBUG:s3transfer.tasks:PutObjectTask(transfer_id=0, {'bucket': 'dressmeup-user', 'key': '√§ø¨¿Ã3_model_image_4561ec41dd964690b0519e70b41d6aaa.jpg', 'extra_args': {}}) about to wait for the following futures []
DEBUG:s3transfer.utils:Releasing acquire 0/None
DEBUG:s3transfer.tasks:PutObjectTask(transfer_id=0, {'bucket': 'dressmeup-user', 'key': '√§ø¨¿Ã3_model_image_4561ec41dd964690b0519e70b41d6aaa.jpg', 'extra_args': {}}) done waiting for dependent futures
DEBUG:s3transfer.tasks:Executing task PutObjectTask(transfer_id=0, {'bucket': 'dressmeup-user', 'key': '√§ø¨¿Ã3_model_image_4561ec41dd964690b0519e70b41d6aaa.jpg', 'extra_args': {}}) with kwargs {'client': <botocore.client.S3 object at 0x000001961AE56340>, 'fileobj': <s3transfer.utils.ReadFileChunk object at 0x000001961B2D4970>, 'bucket': 'dressmeup-user', 'key': '√§ø¨¿Ã3_model_image_4561ec41dd964690b0519e70b41d6aaa.jpg', 'extra_args': {}}
DEBUG:botocore.hooks:Event before-parameter-build.s3.PutObject: calling handler <function validate_ascii_metadata at 0x0000019619716790>
DEBUG:botocore.hooks:Event before-parameter-build.s3.PutObject: calling handler <function sse_md5 at 0x000001961970FB80>
DEBUG:botocore.hooks:Event before-parameter-build.s3.PutObject: calling handler <function convert_body_to_file_like_object at 0x00000196197170D0>
DEBUG:botocore.hooks:Event before-parameter-build.s3.PutObject: calling handler <function validate_bucket_name at 0x000001961970FAF0>
DEBUG:botocore.hooks:Event before-parameter-build.s3.PutObject: calling handler <function remove_bucket_from_url_paths_from_model at 0x0000019619717940>
DEBUG:botocore.hooks:Event before-parameter-build.s3.PutObject: calling handler <bound method S3RegionRedirectorv2.annotate_request_context of <botocore.utils.S3RegionRedirectorv2 object at 0x000001961AF5ED90>>
DEBUG:botocore.hooks:Event before-parameter-build.s3.PutObject: calling handler <bound method S3ExpressIdentityResolver.inject_signing_cache_key of <botocore.utils.S3ExpressIdentityResolver object at 0x000001961AF5EE50>>
DEBUG:botocore.hooks:Event before-parameter-build.s3.PutObject: calling handler <function generate_idempotent_uuid at 0x000001961970F940>
DEBUG:botocore.hooks:Event before-endpoint-resolution.s3: calling handler <function customize_endpoint_resolver_builtins at 0x0000019619717AF0>
DEBUG:botocore.hooks:Event before-endpoint-resolution.s3: calling handler <bound method S3RegionRedirectorv2.redirect_from_cache of <botocore.utils.S3RegionRedirectorv2 object at 0x000001961AF5ED90>>
DEBUG:botocore.regions:Calling endpoint provider with parameters: {'Bucket': 'dressmeup-user', 'Region': 'ap-northeast-2', 'UseFIPS': False, 'UseDualStack': False, 'ForcePathStyle': False, 'Accelerate': False, 'UseGlobalEndpoint': False, 'Key': '√§ø¨¿Ã3_model_image_4561ec41dd964690b0519e70b41d6aaa.jpg', 'DisableMultiRegionAccessPoints': False, 'UseArnRegion': True}
DEBUG:botocore.regions:Endpoint provider result: https://dressmeup-user.s3.ap-northeast-2.amazonaws.com
DEBUG:botocore.regions:Selecting from endpoint provider's list of auth schemes: "sigv4". User selected auth scheme is: "None"
DEBUG:botocore.regions:Selected auth type "v4" as "v4" with signing context params: {'region': 'ap-northeast-2', 'signing_name': 's3', 'disableDoubleEncoding': True}
DEBUG:botocore.hooks:Event before-call.s3.PutObject: calling handler <function conditionally_calculate_checksum at 0x00000196195A7CA0>
DEBUG:botocore.hooks:Event before-call.s3.PutObject: calling handler <function add_expect_header at 0x000001961970FE50>
DEBUG:botocore.handlers:Adding expect 100 continue header to request.
DEBUG:botocore.hooks:Event before-call.s3.PutObject: calling handler <bound method S3ExpressIdentityResolver.apply_signing_cache_key of <botocore.utils.S3ExpressIdentityResolver object at 0x000001961AF5EE50>>
DEBUG:botocore.hooks:Event before-call.s3.PutObject: calling handler <function add_recursion_detection_header at 0x000001961970F5E0>
DEBUG:botocore.hooks:Event before-call.s3.PutObject: calling handler <function inject_api_version_header_if_needed at 0x00000196197171F0>
DEBUG:botocore.endpoint:Making request for OperationModel(name=PutObject) with params: {'url_path': '/%EC%B1%84%EC%97%B0%EC%9D%B43_model_image_4561ec41dd964690b0519e70b41d6aaa.jpg', 'query_string': {}, 'method': 'PUT', 'headers': {'User-Agent': 'Boto3/1.34.59 md/Botocore#1.34.59 ua/2.0 os/windows#10 md/arch#amd64 lang/python#3.8.18 md/pyimpl#CPython cfg/retry-mode#legacy Botocore/1.34.59', 'Content-MD5': 'A4eF+ghuNrcworYYPFdPrQ==', 'Expect': '100-continue'}, 'body': <s3transfer.utils.ReadFileChunk object at 0x000001961B2D4970>, 'auth_path': '/dressmeup-user/%EC%B1%84%EC%97%B0%EC%9D%B43_model_image_4561ec41dd964690b0519e70b41d6aaa.jpg', 'url': 'https://dressmeup-user.s3.ap-northeast-2.amazonaws.com/%EC%B1%84%EC%97%B0%EC%9D%B43_model_image_4561ec41dd964690b0519e70b41d6aaa.jpg', 'context': {'client_region': 'ap-northeast-2', 'client_config': <botocore.config.Config object at 0x000001961AE56370>, 'has_streaming_input': True, 'auth_type': 'v4', 's3_redirect': {'redirected': False, 'bucket': 'dressmeup-user', 'params': {'Bucket': 'dressmeup-user', 'Key': '√§ø¨¿Ã3_model_image_4561ec41dd964690b0519e70b41d6aaa.jpg', 'Body': <s3transfer.utils.ReadFileChunk object at 0x000001961B2D4970>}}, 'S3Express': {'bucket_name': 'dressmeup-user'}, 'signing': {'region': 'ap-northeast-2', 'signing_name': 's3', 'disableDoubleEncoding': True}, 'endpoint_properties': {'authSchemes': [{'disableDoubleEncoding': True, 'name': 'sigv4', 'signingName': 's3', 'signingRegion': 'ap-northeast-2'}]}}}
DEBUG:botocore.hooks:Event request-created.s3.PutObject: calling handler <function signal_not_transferring at 0x000001961AEDA280>
DEBUG:botocore.hooks:Event request-created.s3.PutObject: calling handler <bound method RequestSigner.handler of <botocore.signers.RequestSigner object at 0x000001961AE562B0>>
DEBUG:botocore.hooks:Event choose-signer.s3.PutObject: calling handler <function set_operation_specific_signer at 0x000001961970F820>
DEBUG:botocore.hooks:Event before-sign.s3.PutObject: calling handler <function remove_arn_from_signing_path at 0x0000019619717A60>
DEBUG:botocore.hooks:Event before-sign.s3.PutObject: calling handler <bound method S3ExpressIdentityResolver.resolve_s3express_identity of <botocore.utils.S3ExpressIdentityResolver object at 0x000001961AF5EE50>>
DEBUG:botocore.auth:Calculating signature using v4 auth.
DEBUG:botocore.auth:CanonicalRequest:
PUT
/%EC%B1%84%EC%97%B0%EC%9D%B43_model_image_4561ec41dd964690b0519e70b41d6aaa.jpg

content-md5:A4eF+ghuNrcworYYPFdPrQ==
host:dressmeup-user.s3.ap-northeast-2.amazonaws.com
x-amz-content-sha256:UNSIGNED-PAYLOAD
x-amz-date:20240314T113951Z

content-md5;host;x-amz-content-sha256;x-amz-date
UNSIGNED-PAYLOAD
DEBUG:botocore.auth:StringToSign:
AWS4-HMAC-SHA256
20240314T113951Z
20240314/ap-northeast-2/s3/aws4_request
e1dec7f1cb2a1903a32d3f8f7f135c85064c92e1cb6ec3661a085ca9bdcafc23
DEBUG:botocore.auth:Signature:
47283bcfbd1c1b05c826761503c35cbb467fca16a6a0b19bfbe4b978b582d6fb
DEBUG:botocore.hooks:Event request-created.s3.PutObject: calling handler <function signal_transferring at 0x000001961AEDA310>
DEBUG:botocore.hooks:Event request-created.s3.PutObject: calling handler <function add_retry_headers at 0x00000196197178B0>
DEBUG:botocore.endpoint:Sending http request: <AWSPreparedRequest stream_output=False, method=PUT, url=https://dressmeup-user.s3.ap-northeast-2.amazonaws.com/%EC%B1%84%EC%97%B0%EC%9D%B43_model_image_4561ec41dd964690b0519e70b41d6aaa.jpg, headers={'User-Agent': b'Boto3/1.34.59 md/Botocore#1.34.59 ua/2.0 os/windows#10 md/arch#amd64 lang/python#3.8.18 md/pyimpl#CPython cfg/retry-mode#legacy Botocore/1.34.59', 'Content-MD5': b'A4eF+ghuNrcworYYPFdPrQ==', 'Expect': b'100-continue', 'X-Amz-Date': b'20240314T113951Z', 'X-Amz-Content-SHA256': b'UNSIGNED-PAYLOAD', 'Authorization': b'AWS4-HMAC-SHA256 Credential=AKIAQ5IEBH3LNNBYDBND/20240314/ap-northeast-2/s3/aws4_request, SignedHeaders=content-md5;host;x-amz-content-sha256;x-amz-date, Signature=47283bcfbd1c1b05c826761503c35cbb467fca16a6a0b19bfbe4b978b582d6fb', 'amz-sdk-invocation-id': b'1a3b842f-793b-4398-96bf-64cd9cd0e984', 'amz-sdk-request': b'attempt=1', 'Content-Length': '7600'}>
DEBUG:botocore.httpsession:Certificate path: C:\Users\kate2\anaconda3\envs\dressmeup_env\lib\site-packages\botocore\cacert.pem
DEBUG:urllib3.connectionpool:Starting new HTTPS connection (1): dressmeup-user.s3.ap-northeast-2.amazonaws.com:443
DEBUG:botocore.awsrequest:Waiting for 100 Continue response.
DEBUG:botocore.awsrequest:100 Continue response seen, now sending request body.
DEBUG:urllib3.connectionpool:https://dressmeup-user.s3.ap-northeast-2.amazonaws.com:443 "PUT /%EC%B1%84%EC%97%B0%EC%9D%B43_model_image_4561ec41dd964690b0519e70b41d6aaa.jpg HTTP/1.1" 200 0
DEBUG:botocore.parsers:Response headers: {'x-amz-id-2': 'Rj+AblRYPeZfAxF1MOJ+Hk0YrmFPp8XIhJ1t0OkP6wOud6p3OslYp+cs2u+89BfeiNENmxg15Rw=', 'x-amz-request-id': 'C4GM4JCTMJYW3T2A', 'Date': 'Thu, 14 Mar 2024 11:39:52 GMT', 'x-amz-server-side-encryption': 'AES256', 'ETag': '"038785fa086e36b730a2b6183c574fad"', 'Server': 'AmazonS3', 'Content-Length': '0'}
DEBUG:botocore.parsers:Response body:
b''
DEBUG:botocore.hooks:Event needs-retry.s3.PutObject: calling handler <botocore.retryhandler.RetryHandler object at 0x000001961AF5ED30>
DEBUG:botocore.retryhandler:No retry needed.
DEBUG:botocore.hooks:Event needs-retry.s3.PutObject: calling handler <bound method S3RegionRedirectorv2.redirect_from_error of <botocore.utils.S3RegionRedirectorv2 object at 0x000001961AF5ED90>>
DEBUG:s3transfer.utils:Releasing acquire 0/None
INFO:werkzeug:127.0.0.1 - - [14/Mar/2024 20:39:51] "[35m[1mPATCH /model HTTP/1.1[0m" 500 -
INFO:werkzeug: * Detected change in 'C:\\Users\\kate2\\PycharmProjects\\DressMeUp-CV\\flask\\config.py', reloading
INFO:werkzeug: * Restarting with stat
DEBUG:botocore.hooks:Changing event name from creating-client-class.iot-data to creating-client-class.iot-data-plane
DEBUG:botocore.hooks:Changing event name from before-call.apigateway to before-call.api-gateway
DEBUG:botocore.hooks:Changing event name from request-created.machinelearning.Predict to request-created.machine-learning.Predict
DEBUG:botocore.hooks:Changing event name from before-parameter-build.autoscaling.CreateLaunchConfiguration to before-parameter-build.auto-scaling.CreateLaunchConfiguration
DEBUG:botocore.hooks:Changing event name from before-parameter-build.route53 to before-parameter-build.route-53
DEBUG:botocore.hooks:Changing event name from request-created.cloudsearchdomain.Search to request-created.cloudsearch-domain.Search
DEBUG:botocore.hooks:Changing event name from docs.*.autoscaling.CreateLaunchConfiguration.complete-section to docs.*.auto-scaling.CreateLaunchConfiguration.complete-section
DEBUG:botocore.hooks:Changing event name from before-parameter-build.logs.CreateExportTask to before-parameter-build.cloudwatch-logs.CreateExportTask
DEBUG:botocore.hooks:Changing event name from docs.*.logs.CreateExportTask.complete-section to docs.*.cloudwatch-logs.CreateExportTask.complete-section
DEBUG:botocore.hooks:Changing event name from before-parameter-build.cloudsearchdomain.Search to before-parameter-build.cloudsearch-domain.Search
DEBUG:botocore.hooks:Changing event name from docs.*.cloudsearchdomain.Search.complete-section to docs.*.cloudsearch-domain.Search.complete-section
DEBUG:botocore.loaders:Loading JSON file: C:\Users\kate2\anaconda3\envs\dressmeup_env\lib\site-packages\botocore\data\endpoints.json
DEBUG:botocore.loaders:Loading JSON file: C:\Users\kate2\anaconda3\envs\dressmeup_env\lib\site-packages\botocore\data\sdk-default-configuration.json
DEBUG:botocore.hooks:Event choose-service-name: calling handler <function handle_service_name_alias at 0x00000182FAA950D0>
DEBUG:botocore.loaders:Loading JSON file: C:\Users\kate2\anaconda3\envs\dressmeup_env\lib\site-packages\botocore\data\s3\2006-03-01\service-2.json.gz
DEBUG:botocore.loaders:Loading JSON file: C:\Users\kate2\anaconda3\envs\dressmeup_env\lib\site-packages\botocore\data\s3\2006-03-01\endpoint-rule-set-1.json.gz
DEBUG:botocore.loaders:Loading JSON file: C:\Users\kate2\anaconda3\envs\dressmeup_env\lib\site-packages\botocore\data\partitions.json
DEBUG:botocore.hooks:Event creating-client-class.s3: calling handler <function add_generate_presigned_post at 0x00000182FAA07040>
DEBUG:botocore.hooks:Event creating-client-class.s3: calling handler <function lazy_call.<locals>._handler at 0x00000182DFBD5790>
DEBUG:botocore.hooks:Event creating-client-class.s3: calling handler <function add_generate_presigned_url at 0x00000182FA9D1DC0>
DEBUG:botocore.configprovider:Looking for endpoint for s3 via: environment_service
DEBUG:botocore.configprovider:Looking for endpoint for s3 via: environment_global
DEBUG:botocore.configprovider:Looking for endpoint for s3 via: config_service
DEBUG:botocore.configprovider:Looking for endpoint for s3 via: config_global
DEBUG:botocore.configprovider:No configured endpoint found.
DEBUG:botocore.endpoint:Setting s3 timeout as (60, 60)
DEBUG:botocore.loaders:Loading JSON file: C:\Users\kate2\anaconda3\envs\dressmeup_env\lib\site-packages\botocore\data\_retry.json
DEBUG:botocore.client:Registering retry handlers for service: s3
DEBUG:botocore.utils:Registering S3 region redirector handler
DEBUG:botocore.utils:Registering S3Express Identity Resolver
WARNING:werkzeug: * Debugger is active!
INFO:werkzeug: * Debugger PIN: 347-372-053
INFO:werkzeug: * Running on http://127.0.0.1:5000/ (Press CTRL+C to quit)
INFO:app:This is an info message.
INFO:app:None
INFO:app:ImmutableMultiDict([('file', <FileStorage: "'.jpg" ('image/jpeg')>)])
INFO:werkzeug: * Detected change in 'C:\\Users\\kate2\\PycharmProjects\\DressMeUp-CV\\flask\\config.py', reloading
DEBUG:botocore.hooks:Changing event name from creating-client-class.iot-data to creating-client-class.iot-data-plane
DEBUG:botocore.hooks:Changing event name from before-call.apigateway to before-call.api-gateway
DEBUG:botocore.hooks:Changing event name from request-created.machinelearning.Predict to request-created.machine-learning.Predict
DEBUG:botocore.hooks:Changing event name from before-parameter-build.autoscaling.CreateLaunchConfiguration to before-parameter-build.auto-scaling.CreateLaunchConfiguration
DEBUG:botocore.hooks:Changing event name from before-parameter-build.route53 to before-parameter-build.route-53
DEBUG:botocore.hooks:Changing event name from request-created.cloudsearchdomain.Search to request-created.cloudsearch-domain.Search
DEBUG:botocore.hooks:Changing event name from docs.*.autoscaling.CreateLaunchConfiguration.complete-section to docs.*.auto-scaling.CreateLaunchConfiguration.complete-section
DEBUG:botocore.hooks:Changing event name from before-parameter-build.logs.CreateExportTask to before-parameter-build.cloudwatch-logs.CreateExportTask
DEBUG:botocore.hooks:Changing event name from docs.*.logs.CreateExportTask.complete-section to docs.*.cloudwatch-logs.CreateExportTask.complete-section
DEBUG:botocore.hooks:Changing event name from before-parameter-build.cloudsearchdomain.Search to before-parameter-build.cloudsearch-domain.Search
DEBUG:botocore.hooks:Changing event name from docs.*.cloudsearchdomain.Search.complete-section to docs.*.cloudsearch-domain.Search.complete-section
DEBUG:botocore.loaders:Loading JSON file: C:\Users\kate2\anaconda3\envs\dressmeup_env\lib\site-packages\botocore\data\endpoints.json
DEBUG:botocore.loaders:Loading JSON file: C:\Users\kate2\anaconda3\envs\dressmeup_env\lib\site-packages\botocore\data\sdk-default-configuration.json
DEBUG:botocore.hooks:Event choose-service-name: calling handler <function handle_service_name_alias at 0x0000023E4C7740D0>
DEBUG:botocore.loaders:Loading JSON file: C:\Users\kate2\anaconda3\envs\dressmeup_env\lib\site-packages\botocore\data\s3\2006-03-01\service-2.json.gz
DEBUG:botocore.loaders:Loading JSON file: C:\Users\kate2\anaconda3\envs\dressmeup_env\lib\site-packages\botocore\data\s3\2006-03-01\endpoint-rule-set-1.json.gz
DEBUG:botocore.loaders:Loading JSON file: C:\Users\kate2\anaconda3\envs\dressmeup_env\lib\site-packages\botocore\data\partitions.json
DEBUG:botocore.hooks:Event creating-client-class.s3: calling handler <function add_generate_presigned_post at 0x0000023E4C6E8040>
DEBUG:botocore.hooks:Event creating-client-class.s3: calling handler <function lazy_call.<locals>._handler at 0x0000023E31895790>
DEBUG:botocore.hooks:Event creating-client-class.s3: calling handler <function add_generate_presigned_url at 0x0000023E4C6B2DC0>
DEBUG:botocore.configprovider:Looking for endpoint for s3 via: environment_service
DEBUG:botocore.configprovider:Looking for endpoint for s3 via: environment_global
DEBUG:botocore.configprovider:Looking for endpoint for s3 via: config_service
DEBUG:botocore.configprovider:Looking for endpoint for s3 via: config_global
DEBUG:botocore.configprovider:No configured endpoint found.
DEBUG:botocore.endpoint:Setting s3 timeout as (60, 60)
DEBUG:botocore.loaders:Loading JSON file: C:\Users\kate2\anaconda3\envs\dressmeup_env\lib\site-packages\botocore\data\_retry.json
DEBUG:botocore.client:Registering retry handlers for service: s3
DEBUG:botocore.utils:Registering S3 region redirector handler
DEBUG:botocore.utils:Registering S3Express Identity Resolver
INFO:werkzeug: * Restarting with stat
DEBUG:botocore.hooks:Changing event name from creating-client-class.iot-data to creating-client-class.iot-data-plane
DEBUG:botocore.hooks:Changing event name from before-call.apigateway to before-call.api-gateway
DEBUG:botocore.hooks:Changing event name from request-created.machinelearning.Predict to request-created.machine-learning.Predict
DEBUG:botocore.hooks:Changing event name from before-parameter-build.autoscaling.CreateLaunchConfiguration to before-parameter-build.auto-scaling.CreateLaunchConfiguration
DEBUG:botocore.hooks:Changing event name from before-parameter-build.route53 to before-parameter-build.route-53
DEBUG:botocore.hooks:Changing event name from request-created.cloudsearchdomain.Search to request-created.cloudsearch-domain.Search
DEBUG:botocore.hooks:Changing event name from docs.*.autoscaling.CreateLaunchConfiguration.complete-section to docs.*.auto-scaling.CreateLaunchConfiguration.complete-section
DEBUG:botocore.hooks:Changing event name from before-parameter-build.logs.CreateExportTask to before-parameter-build.cloudwatch-logs.CreateExportTask
DEBUG:botocore.hooks:Changing event name from docs.*.logs.CreateExportTask.complete-section to docs.*.cloudwatch-logs.CreateExportTask.complete-section
DEBUG:botocore.hooks:Changing event name from before-parameter-build.cloudsearchdomain.Search to before-parameter-build.cloudsearch-domain.Search
DEBUG:botocore.hooks:Changing event name from docs.*.cloudsearchdomain.Search.complete-section to docs.*.cloudsearch-domain.Search.complete-section
DEBUG:botocore.loaders:Loading JSON file: C:\Users\kate2\anaconda3\envs\dressmeup_env\lib\site-packages\botocore\data\endpoints.json
DEBUG:botocore.loaders:Loading JSON file: C:\Users\kate2\anaconda3\envs\dressmeup_env\lib\site-packages\botocore\data\sdk-default-configuration.json
DEBUG:botocore.hooks:Event choose-service-name: calling handler <function handle_service_name_alias at 0x000001B3486760D0>
DEBUG:botocore.loaders:Loading JSON file: C:\Users\kate2\anaconda3\envs\dressmeup_env\lib\site-packages\botocore\data\s3\2006-03-01\service-2.json.gz
DEBUG:botocore.loaders:Loading JSON file: C:\Users\kate2\anaconda3\envs\dressmeup_env\lib\site-packages\botocore\data\s3\2006-03-01\endpoint-rule-set-1.json.gz
DEBUG:botocore.loaders:Loading JSON file: C:\Users\kate2\anaconda3\envs\dressmeup_env\lib\site-packages\botocore\data\partitions.json
DEBUG:botocore.hooks:Event creating-client-class.s3: calling handler <function add_generate_presigned_post at 0x000001B3485E8040>
DEBUG:botocore.hooks:Event creating-client-class.s3: calling handler <function lazy_call.<locals>._handler at 0x000001B32D7A5790>
DEBUG:botocore.hooks:Event creating-client-class.s3: calling handler <function add_generate_presigned_url at 0x000001B3485B1DC0>
DEBUG:botocore.configprovider:Looking for endpoint for s3 via: environment_service
DEBUG:botocore.configprovider:Looking for endpoint for s3 via: environment_global
DEBUG:botocore.configprovider:Looking for endpoint for s3 via: config_service
DEBUG:botocore.configprovider:Looking for endpoint for s3 via: config_global
DEBUG:botocore.configprovider:No configured endpoint found.
DEBUG:botocore.endpoint:Setting s3 timeout as (60, 60)
DEBUG:botocore.loaders:Loading JSON file: C:\Users\kate2\anaconda3\envs\dressmeup_env\lib\site-packages\botocore\data\_retry.json
DEBUG:botocore.client:Registering retry handlers for service: s3
DEBUG:botocore.utils:Registering S3 region redirector handler
DEBUG:botocore.utils:Registering S3Express Identity Resolver
WARNING:werkzeug: * Debugger is active!
INFO:werkzeug: * Debugger PIN: 347-372-053
INFO:werkzeug: * Running on http://127.0.0.1:5000/ (Press CTRL+C to quit)
INFO:app:This is an info message.
INFO:app:None
INFO:app:ImmutableMultiDict([('file', <FileStorage: "'.jpg" ('image/jpeg')>)])
DEBUG:boto3.s3.transfer:Opting out of CRT Transfer Manager. Preferred client: auto, CRT available: False, Instance Optimized: False.
DEBUG:boto3.s3.transfer:Using default client. pid: 16132, thread: 5844
DEBUG:s3transfer.utils:Acquiring 0
DEBUG:s3transfer.tasks:UploadSubmissionTask(transfer_id=0, {'transfer_future': <s3transfer.futures.TransferFuture object at 0x000001B34A3220D0>}) about to wait for the following futures []
DEBUG:s3transfer.tasks:UploadSubmissionTask(transfer_id=0, {'transfer_future': <s3transfer.futures.TransferFuture object at 0x000001B34A3220D0>}) done waiting for dependent futures
DEBUG:s3transfer.tasks:Executing task UploadSubmissionTask(transfer_id=0, {'transfer_future': <s3transfer.futures.TransferFuture object at 0x000001B34A3220D0>}) with kwargs {'client': <botocore.client.S3 object at 0x000001B349DD6340>, 'config': <boto3.s3.transfer.TransferConfig object at 0x000001B34A4BDFD0>, 'osutil': <s3transfer.utils.OSUtils object at 0x000001B34A4BDDF0>, 'request_executor': <s3transfer.futures.BoundedExecutor object at 0x000001B34A322FA0>, 'transfer_future': <s3transfer.futures.TransferFuture object at 0x000001B34A3220D0>}
DEBUG:s3transfer.futures:Submitting task PutObjectTask(transfer_id=0, {'bucket': 'dressmeup-user', 'key': '√§ø¨¿Ã3_model_image_1b4cd4eacf00486b8f5e294f74d2c8fe.jpg', 'extra_args': {}}) to executor <s3transfer.futures.BoundedExecutor object at 0x000001B34A322FA0> for transfer request: 0.
DEBUG:s3transfer.utils:Acquiring 0
DEBUG:s3transfer.tasks:PutObjectTask(transfer_id=0, {'bucket': 'dressmeup-user', 'key': '√§ø¨¿Ã3_model_image_1b4cd4eacf00486b8f5e294f74d2c8fe.jpg', 'extra_args': {}}) about to wait for the following futures []
DEBUG:s3transfer.utils:Releasing acquire 0/None
DEBUG:s3transfer.tasks:PutObjectTask(transfer_id=0, {'bucket': 'dressmeup-user', 'key': '√§ø¨¿Ã3_model_image_1b4cd4eacf00486b8f5e294f74d2c8fe.jpg', 'extra_args': {}}) done waiting for dependent futures
DEBUG:s3transfer.tasks:Executing task PutObjectTask(transfer_id=0, {'bucket': 'dressmeup-user', 'key': '√§ø¨¿Ã3_model_image_1b4cd4eacf00486b8f5e294f74d2c8fe.jpg', 'extra_args': {}}) with kwargs {'client': <botocore.client.S3 object at 0x000001B349DD6340>, 'fileobj': <s3transfer.utils.ReadFileChunk object at 0x000001B34A20FA90>, 'bucket': 'dressmeup-user', 'key': '√§ø¨¿Ã3_model_image_1b4cd4eacf00486b8f5e294f74d2c8fe.jpg', 'extra_args': {}}
DEBUG:botocore.hooks:Event before-parameter-build.s3.PutObject: calling handler <function validate_ascii_metadata at 0x000001B348695790>
DEBUG:botocore.hooks:Event before-parameter-build.s3.PutObject: calling handler <function sse_md5 at 0x000001B34868FB80>
DEBUG:botocore.hooks:Event before-parameter-build.s3.PutObject: calling handler <function convert_body_to_file_like_object at 0x000001B3486960D0>
DEBUG:botocore.hooks:Event before-parameter-build.s3.PutObject: calling handler <function validate_bucket_name at 0x000001B34868FAF0>
DEBUG:botocore.hooks:Event before-parameter-build.s3.PutObject: calling handler <function remove_bucket_from_url_paths_from_model at 0x000001B348696940>
DEBUG:botocore.hooks:Event before-parameter-build.s3.PutObject: calling handler <bound method S3RegionRedirectorv2.annotate_request_context of <botocore.utils.S3RegionRedirectorv2 object at 0x000001B349EDDD90>>
DEBUG:botocore.hooks:Event before-parameter-build.s3.PutObject: calling handler <bound method S3ExpressIdentityResolver.inject_signing_cache_key of <botocore.utils.S3ExpressIdentityResolver object at 0x000001B349EDDE50>>
DEBUG:botocore.hooks:Event before-parameter-build.s3.PutObject: calling handler <function generate_idempotent_uuid at 0x000001B34868F940>
DEBUG:botocore.hooks:Event before-endpoint-resolution.s3: calling handler <function customize_endpoint_resolver_builtins at 0x000001B348696AF0>
DEBUG:botocore.hooks:Event before-endpoint-resolution.s3: calling handler <bound method S3RegionRedirectorv2.redirect_from_cache of <botocore.utils.S3RegionRedirectorv2 object at 0x000001B349EDDD90>>
DEBUG:botocore.regions:Calling endpoint provider with parameters: {'Bucket': 'dressmeup-user', 'Region': 'ap-northeast-2', 'UseFIPS': False, 'UseDualStack': False, 'ForcePathStyle': False, 'Accelerate': False, 'UseGlobalEndpoint': False, 'Key': '√§ø¨¿Ã3_model_image_1b4cd4eacf00486b8f5e294f74d2c8fe.jpg', 'DisableMultiRegionAccessPoints': False, 'UseArnRegion': True}
DEBUG:botocore.regions:Endpoint provider result: https://dressmeup-user.s3.ap-northeast-2.amazonaws.com
DEBUG:botocore.regions:Selecting from endpoint provider's list of auth schemes: "sigv4". User selected auth scheme is: "None"
DEBUG:botocore.regions:Selected auth type "v4" as "v4" with signing context params: {'region': 'ap-northeast-2', 'signing_name': 's3', 'disableDoubleEncoding': True}
DEBUG:botocore.hooks:Event before-call.s3.PutObject: calling handler <function conditionally_calculate_checksum at 0x000001B348526CA0>
DEBUG:botocore.hooks:Event before-call.s3.PutObject: calling handler <function add_expect_header at 0x000001B34868FE50>
DEBUG:botocore.handlers:Adding expect 100 continue header to request.
DEBUG:botocore.hooks:Event before-call.s3.PutObject: calling handler <bound method S3ExpressIdentityResolver.apply_signing_cache_key of <botocore.utils.S3ExpressIdentityResolver object at 0x000001B349EDDE50>>
DEBUG:botocore.hooks:Event before-call.s3.PutObject: calling handler <function add_recursion_detection_header at 0x000001B34868F5E0>
DEBUG:botocore.hooks:Event before-call.s3.PutObject: calling handler <function inject_api_version_header_if_needed at 0x000001B3486961F0>
DEBUG:botocore.endpoint:Making request for OperationModel(name=PutObject) with params: {'url_path': '/%EC%B1%84%EC%97%B0%EC%9D%B43_model_image_1b4cd4eacf00486b8f5e294f74d2c8fe.jpg', 'query_string': {}, 'method': 'PUT', 'headers': {'User-Agent': 'Boto3/1.34.59 md/Botocore#1.34.59 ua/2.0 os/windows#10 md/arch#amd64 lang/python#3.8.18 md/pyimpl#CPython cfg/retry-mode#legacy Botocore/1.34.59', 'Content-MD5': 'A4eF+ghuNrcworYYPFdPrQ==', 'Expect': '100-continue'}, 'body': <s3transfer.utils.ReadFileChunk object at 0x000001B34A20FA90>, 'auth_path': '/dressmeup-user/%EC%B1%84%EC%97%B0%EC%9D%B43_model_image_1b4cd4eacf00486b8f5e294f74d2c8fe.jpg', 'url': 'https://dressmeup-user.s3.ap-northeast-2.amazonaws.com/%EC%B1%84%EC%97%B0%EC%9D%B43_model_image_1b4cd4eacf00486b8f5e294f74d2c8fe.jpg', 'context': {'client_region': 'ap-northeast-2', 'client_config': <botocore.config.Config object at 0x000001B349DD6370>, 'has_streaming_input': True, 'auth_type': 'v4', 's3_redirect': {'redirected': False, 'bucket': 'dressmeup-user', 'params': {'Bucket': 'dressmeup-user', 'Key': '√§ø¨¿Ã3_model_image_1b4cd4eacf00486b8f5e294f74d2c8fe.jpg', 'Body': <s3transfer.utils.ReadFileChunk object at 0x000001B34A20FA90>}}, 'S3Express': {'bucket_name': 'dressmeup-user'}, 'signing': {'region': 'ap-northeast-2', 'signing_name': 's3', 'disableDoubleEncoding': True}, 'endpoint_properties': {'authSchemes': [{'disableDoubleEncoding': True, 'name': 'sigv4', 'signingName': 's3', 'signingRegion': 'ap-northeast-2'}]}}}
DEBUG:botocore.hooks:Event request-created.s3.PutObject: calling handler <function signal_not_transferring at 0x000001B349E59280>
DEBUG:botocore.hooks:Event request-created.s3.PutObject: calling handler <bound method RequestSigner.handler of <botocore.signers.RequestSigner object at 0x000001B349DD62B0>>
DEBUG:botocore.hooks:Event choose-signer.s3.PutObject: calling handler <function set_operation_specific_signer at 0x000001B34868F820>
DEBUG:botocore.hooks:Event before-sign.s3.PutObject: calling handler <function remove_arn_from_signing_path at 0x000001B348696A60>
DEBUG:botocore.hooks:Event before-sign.s3.PutObject: calling handler <bound method S3ExpressIdentityResolver.resolve_s3express_identity of <botocore.utils.S3ExpressIdentityResolver object at 0x000001B349EDDE50>>
DEBUG:botocore.auth:Calculating signature using v4 auth.
DEBUG:botocore.auth:CanonicalRequest:
PUT
/%EC%B1%84%EC%97%B0%EC%9D%B43_model_image_1b4cd4eacf00486b8f5e294f74d2c8fe.jpg

content-md5:A4eF+ghuNrcworYYPFdPrQ==
host:dressmeup-user.s3.ap-northeast-2.amazonaws.com
x-amz-content-sha256:UNSIGNED-PAYLOAD
x-amz-date:20240314T114710Z

content-md5;host;x-amz-content-sha256;x-amz-date
UNSIGNED-PAYLOAD
DEBUG:botocore.auth:StringToSign:
AWS4-HMAC-SHA256
20240314T114710Z
20240314/ap-northeast-2/s3/aws4_request
15e1e3d6f9b46d31a061869427725a64915096bb55d69f08d951bc1518b863ef
DEBUG:botocore.auth:Signature:
4bd893bab9573da054cf544fb14782b2d281429ada83b55d492309828b80bb30
DEBUG:botocore.hooks:Event request-created.s3.PutObject: calling handler <function signal_transferring at 0x000001B349E59310>
DEBUG:botocore.hooks:Event request-created.s3.PutObject: calling handler <function add_retry_headers at 0x000001B3486968B0>
DEBUG:botocore.endpoint:Sending http request: <AWSPreparedRequest stream_output=False, method=PUT, url=https://dressmeup-user.s3.ap-northeast-2.amazonaws.com/%EC%B1%84%EC%97%B0%EC%9D%B43_model_image_1b4cd4eacf00486b8f5e294f74d2c8fe.jpg, headers={'User-Agent': b'Boto3/1.34.59 md/Botocore#1.34.59 ua/2.0 os/windows#10 md/arch#amd64 lang/python#3.8.18 md/pyimpl#CPython cfg/retry-mode#legacy Botocore/1.34.59', 'Content-MD5': b'A4eF+ghuNrcworYYPFdPrQ==', 'Expect': b'100-continue', 'X-Amz-Date': b'20240314T114710Z', 'X-Amz-Content-SHA256': b'UNSIGNED-PAYLOAD', 'Authorization': b'AWS4-HMAC-SHA256 Credential=AKIAQ5IEBH3LNNBYDBND/20240314/ap-northeast-2/s3/aws4_request, SignedHeaders=content-md5;host;x-amz-content-sha256;x-amz-date, Signature=4bd893bab9573da054cf544fb14782b2d281429ada83b55d492309828b80bb30', 'amz-sdk-invocation-id': b'3d1e97c1-95ab-45b0-b72f-da0842a63900', 'amz-sdk-request': b'attempt=1', 'Content-Length': '7600'}>
DEBUG:botocore.httpsession:Certificate path: C:\Users\kate2\anaconda3\envs\dressmeup_env\lib\site-packages\botocore\cacert.pem
DEBUG:urllib3.connectionpool:Starting new HTTPS connection (1): dressmeup-user.s3.ap-northeast-2.amazonaws.com:443
DEBUG:botocore.awsrequest:Waiting for 100 Continue response.
DEBUG:botocore.awsrequest:100 Continue response seen, now sending request body.
DEBUG:urllib3.connectionpool:https://dressmeup-user.s3.ap-northeast-2.amazonaws.com:443 "PUT /%EC%B1%84%EC%97%B0%EC%9D%B43_model_image_1b4cd4eacf00486b8f5e294f74d2c8fe.jpg HTTP/1.1" 200 0
DEBUG:botocore.parsers:Response headers: {'x-amz-id-2': 'Yucjrf/1XOnlZQYp7bCH2qZ4NcDBVorq6FLmtF50Vl3entSZ822YZRAb48+7NZl7LnWufazWJas=', 'x-amz-request-id': 'FV3PNGASW89E1D7F', 'Date': 'Thu, 14 Mar 2024 11:47:12 GMT', 'x-amz-server-side-encryption': 'AES256', 'ETag': '"038785fa086e36b730a2b6183c574fad"', 'Server': 'AmazonS3', 'Content-Length': '0'}
DEBUG:botocore.parsers:Response body:
b''
DEBUG:botocore.hooks:Event needs-retry.s3.PutObject: calling handler <botocore.retryhandler.RetryHandler object at 0x000001B349EDDD30>
DEBUG:botocore.retryhandler:No retry needed.
DEBUG:botocore.hooks:Event needs-retry.s3.PutObject: calling handler <bound method S3RegionRedirectorv2.redirect_from_error of <botocore.utils.S3RegionRedirectorv2 object at 0x000001B349EDDD90>>
DEBUG:s3transfer.utils:Releasing acquire 0/None
INFO:werkzeug:127.0.0.1 - - [14/Mar/2024 20:47:11] "PATCH /model HTTP/1.1" 200 -
INFO:app:This is an info message.
INFO:app:None
INFO:app:ImmutableMultiDict([('file', <FileStorage: "'.jpg" ('image/jpeg')>)])
DEBUG:boto3.s3.transfer:Opting out of CRT Transfer Manager. Preferred client: auto, CRT available: False, Instance Optimized: False.
DEBUG:boto3.s3.transfer:Using default client. pid: 16132, thread: 16632
DEBUG:s3transfer.utils:Acquiring 0
DEBUG:s3transfer.tasks:UploadSubmissionTask(transfer_id=0, {'transfer_future': <s3transfer.futures.TransferFuture object at 0x000001B34A4887C0>}) about to wait for the following futures []
DEBUG:s3transfer.tasks:UploadSubmissionTask(transfer_id=0, {'transfer_future': <s3transfer.futures.TransferFuture object at 0x000001B34A4887C0>}) done waiting for dependent futures
DEBUG:s3transfer.tasks:Executing task UploadSubmissionTask(transfer_id=0, {'transfer_future': <s3transfer.futures.TransferFuture object at 0x000001B34A4887C0>}) with kwargs {'client': <botocore.client.S3 object at 0x000001B349DD6340>, 'config': <boto3.s3.transfer.TransferConfig object at 0x000001B34A482100>, 'osutil': <s3transfer.utils.OSUtils object at 0x000001B34A482970>, 'request_executor': <s3transfer.futures.BoundedExecutor object at 0x000001B34A482940>, 'transfer_future': <s3transfer.futures.TransferFuture object at 0x000001B34A4887C0>}
DEBUG:s3transfer.futures:Submitting task PutObjectTask(transfer_id=0, {'bucket': 'dressmeup-user', 'key': '5_model_image_f2e20b178d524f1a906a9c40736d529c.jpg', 'extra_args': {}}) to executor <s3transfer.futures.BoundedExecutor object at 0x000001B34A482940> for transfer request: 0.
DEBUG:s3transfer.utils:Acquiring 0
DEBUG:s3transfer.tasks:PutObjectTask(transfer_id=0, {'bucket': 'dressmeup-user', 'key': '5_model_image_f2e20b178d524f1a906a9c40736d529c.jpg', 'extra_args': {}}) about to wait for the following futures []
DEBUG:s3transfer.utils:Releasing acquire 0/None
DEBUG:s3transfer.tasks:PutObjectTask(transfer_id=0, {'bucket': 'dressmeup-user', 'key': '5_model_image_f2e20b178d524f1a906a9c40736d529c.jpg', 'extra_args': {}}) done waiting for dependent futures
DEBUG:s3transfer.tasks:Executing task PutObjectTask(transfer_id=0, {'bucket': 'dressmeup-user', 'key': '5_model_image_f2e20b178d524f1a906a9c40736d529c.jpg', 'extra_args': {}}) with kwargs {'client': <botocore.client.S3 object at 0x000001B349DD6340>, 'fileobj': <s3transfer.utils.ReadFileChunk object at 0x000001B34A4887F0>, 'bucket': 'dressmeup-user', 'key': '5_model_image_f2e20b178d524f1a906a9c40736d529c.jpg', 'extra_args': {}}
DEBUG:botocore.hooks:Event before-parameter-build.s3.PutObject: calling handler <function validate_ascii_metadata at 0x000001B348695790>
DEBUG:botocore.hooks:Event before-parameter-build.s3.PutObject: calling handler <function sse_md5 at 0x000001B34868FB80>
DEBUG:botocore.hooks:Event before-parameter-build.s3.PutObject: calling handler <function convert_body_to_file_like_object at 0x000001B3486960D0>
DEBUG:botocore.hooks:Event before-parameter-build.s3.PutObject: calling handler <function validate_bucket_name at 0x000001B34868FAF0>
DEBUG:botocore.hooks:Event before-parameter-build.s3.PutObject: calling handler <function remove_bucket_from_url_paths_from_model at 0x000001B348696940>
DEBUG:botocore.hooks:Event before-parameter-build.s3.PutObject: calling handler <bound method S3RegionRedirectorv2.annotate_request_context of <botocore.utils.S3RegionRedirectorv2 object at 0x000001B349EDDD90>>
DEBUG:botocore.hooks:Event before-parameter-build.s3.PutObject: calling handler <bound method S3ExpressIdentityResolver.inject_signing_cache_key of <botocore.utils.S3ExpressIdentityResolver object at 0x000001B349EDDE50>>
DEBUG:botocore.hooks:Event before-parameter-build.s3.PutObject: calling handler <function generate_idempotent_uuid at 0x000001B34868F940>
DEBUG:botocore.hooks:Event before-endpoint-resolution.s3: calling handler <function customize_endpoint_resolver_builtins at 0x000001B348696AF0>
DEBUG:botocore.hooks:Event before-endpoint-resolution.s3: calling handler <bound method S3RegionRedirectorv2.redirect_from_cache of <botocore.utils.S3RegionRedirectorv2 object at 0x000001B349EDDD90>>
DEBUG:botocore.regions:Calling endpoint provider with parameters: {'Bucket': 'dressmeup-user', 'Region': 'ap-northeast-2', 'UseFIPS': False, 'UseDualStack': False, 'ForcePathStyle': False, 'Accelerate': False, 'UseGlobalEndpoint': False, 'Key': '5_model_image_f2e20b178d524f1a906a9c40736d529c.jpg', 'DisableMultiRegionAccessPoints': False, 'UseArnRegion': True}
DEBUG:botocore.regions:Endpoint provider result: https://dressmeup-user.s3.ap-northeast-2.amazonaws.com
DEBUG:botocore.regions:Selecting from endpoint provider's list of auth schemes: "sigv4". User selected auth scheme is: "None"
DEBUG:botocore.regions:Selected auth type "v4" as "v4" with signing context params: {'region': 'ap-northeast-2', 'signing_name': 's3', 'disableDoubleEncoding': True}
DEBUG:botocore.hooks:Event before-call.s3.PutObject: calling handler <function conditionally_calculate_checksum at 0x000001B348526CA0>
DEBUG:botocore.hooks:Event before-call.s3.PutObject: calling handler <function add_expect_header at 0x000001B34868FE50>
DEBUG:botocore.handlers:Adding expect 100 continue header to request.
DEBUG:botocore.hooks:Event before-call.s3.PutObject: calling handler <bound method S3ExpressIdentityResolver.apply_signing_cache_key of <botocore.utils.S3ExpressIdentityResolver object at 0x000001B349EDDE50>>
DEBUG:botocore.hooks:Event before-call.s3.PutObject: calling handler <function add_recursion_detection_header at 0x000001B34868F5E0>
DEBUG:botocore.hooks:Event before-call.s3.PutObject: calling handler <function inject_api_version_header_if_needed at 0x000001B3486961F0>
DEBUG:botocore.endpoint:Making request for OperationModel(name=PutObject) with params: {'url_path': '/5_model_image_f2e20b178d524f1a906a9c40736d529c.jpg', 'query_string': {}, 'method': 'PUT', 'headers': {'User-Agent': 'Boto3/1.34.59 md/Botocore#1.34.59 ua/2.0 os/windows#10 md/arch#amd64 lang/python#3.8.18 md/pyimpl#CPython cfg/retry-mode#legacy Botocore/1.34.59', 'Content-MD5': 'A4eF+ghuNrcworYYPFdPrQ==', 'Expect': '100-continue'}, 'body': <s3transfer.utils.ReadFileChunk object at 0x000001B34A4887F0>, 'auth_path': '/dressmeup-user/5_model_image_f2e20b178d524f1a906a9c40736d529c.jpg', 'url': 'https://dressmeup-user.s3.ap-northeast-2.amazonaws.com/5_model_image_f2e20b178d524f1a906a9c40736d529c.jpg', 'context': {'client_region': 'ap-northeast-2', 'client_config': <botocore.config.Config object at 0x000001B349DD6370>, 'has_streaming_input': True, 'auth_type': 'v4', 's3_redirect': {'redirected': False, 'bucket': 'dressmeup-user', 'params': {'Bucket': 'dressmeup-user', 'Key': '5_model_image_f2e20b178d524f1a906a9c40736d529c.jpg', 'Body': <s3transfer.utils.ReadFileChunk object at 0x000001B34A4887F0>}}, 'S3Express': {'bucket_name': 'dressmeup-user'}, 'signing': {'region': 'ap-northeast-2', 'signing_name': 's3', 'disableDoubleEncoding': True}, 'endpoint_properties': {'authSchemes': [{'disableDoubleEncoding': True, 'name': 'sigv4', 'signingName': 's3', 'signingRegion': 'ap-northeast-2'}]}}}
DEBUG:botocore.hooks:Event request-created.s3.PutObject: calling handler <function signal_not_transferring at 0x000001B349E59280>
DEBUG:botocore.hooks:Event request-created.s3.PutObject: calling handler <bound method RequestSigner.handler of <botocore.signers.RequestSigner object at 0x000001B349DD62B0>>
DEBUG:botocore.hooks:Event choose-signer.s3.PutObject: calling handler <function set_operation_specific_signer at 0x000001B34868F820>
DEBUG:botocore.hooks:Event before-sign.s3.PutObject: calling handler <function remove_arn_from_signing_path at 0x000001B348696A60>
DEBUG:botocore.hooks:Event before-sign.s3.PutObject: calling handler <bound method S3ExpressIdentityResolver.resolve_s3express_identity of <botocore.utils.S3ExpressIdentityResolver object at 0x000001B349EDDE50>>
DEBUG:botocore.auth:Calculating signature using v4 auth.
DEBUG:botocore.auth:CanonicalRequest:
PUT
/5_model_image_f2e20b178d524f1a906a9c40736d529c.jpg

content-md5:A4eF+ghuNrcworYYPFdPrQ==
host:dressmeup-user.s3.ap-northeast-2.amazonaws.com
x-amz-content-sha256:UNSIGNED-PAYLOAD
x-amz-date:20240314T114934Z

content-md5;host;x-amz-content-sha256;x-amz-date
UNSIGNED-PAYLOAD
DEBUG:botocore.auth:StringToSign:
AWS4-HMAC-SHA256
20240314T114934Z
20240314/ap-northeast-2/s3/aws4_request
34a9f761ebdb607bed8483df2342635966400837f3d11a3eb57d9b993f2b4907
DEBUG:botocore.auth:Signature:
d282de64eb2001267588b6c35f7e5080f856769dbaa630231a2bf74710c9c442
DEBUG:botocore.hooks:Event request-created.s3.PutObject: calling handler <function signal_transferring at 0x000001B349E59310>
DEBUG:botocore.hooks:Event request-created.s3.PutObject: calling handler <function add_retry_headers at 0x000001B3486968B0>
DEBUG:botocore.endpoint:Sending http request: <AWSPreparedRequest stream_output=False, method=PUT, url=https://dressmeup-user.s3.ap-northeast-2.amazonaws.com/5_model_image_f2e20b178d524f1a906a9c40736d529c.jpg, headers={'User-Agent': b'Boto3/1.34.59 md/Botocore#1.34.59 ua/2.0 os/windows#10 md/arch#amd64 lang/python#3.8.18 md/pyimpl#CPython cfg/retry-mode#legacy Botocore/1.34.59', 'Content-MD5': b'A4eF+ghuNrcworYYPFdPrQ==', 'Expect': b'100-continue', 'X-Amz-Date': b'20240314T114934Z', 'X-Amz-Content-SHA256': b'UNSIGNED-PAYLOAD', 'Authorization': b'AWS4-HMAC-SHA256 Credential=AKIAQ5IEBH3LNNBYDBND/20240314/ap-northeast-2/s3/aws4_request, SignedHeaders=content-md5;host;x-amz-content-sha256;x-amz-date, Signature=d282de64eb2001267588b6c35f7e5080f856769dbaa630231a2bf74710c9c442', 'amz-sdk-invocation-id': b'8d965520-70cf-45e2-bc3a-b70ad605e16e', 'amz-sdk-request': b'attempt=1', 'Content-Length': '7600'}>
DEBUG:botocore.httpsession:Certificate path: C:\Users\kate2\anaconda3\envs\dressmeup_env\lib\site-packages\botocore\cacert.pem
DEBUG:urllib3.connectionpool:Resetting dropped connection: dressmeup-user.s3.ap-northeast-2.amazonaws.com
DEBUG:botocore.awsrequest:Waiting for 100 Continue response.
DEBUG:botocore.awsrequest:100 Continue response seen, now sending request body.
DEBUG:urllib3.connectionpool:https://dressmeup-user.s3.ap-northeast-2.amazonaws.com:443 "PUT /5_model_image_f2e20b178d524f1a906a9c40736d529c.jpg HTTP/1.1" 200 0
DEBUG:botocore.parsers:Response headers: {'x-amz-id-2': 'nHESKOvXkCSosm9oGfOpKkUUDXL6KDD4wEanFxG8vAtLsQoPQdu5sNRuRe68SgnQEegkUWTS60HtYr80UrLNMQ==', 'x-amz-request-id': 'NGP6KVAZZ8TSH4NT', 'Date': 'Thu, 14 Mar 2024 11:49:36 GMT', 'x-amz-server-side-encryption': 'AES256', 'ETag': '"038785fa086e36b730a2b6183c574fad"', 'Server': 'AmazonS3', 'Content-Length': '0'}
DEBUG:botocore.parsers:Response body:
b''
DEBUG:botocore.hooks:Event needs-retry.s3.PutObject: calling handler <botocore.retryhandler.RetryHandler object at 0x000001B349EDDD30>
DEBUG:botocore.retryhandler:No retry needed.
DEBUG:botocore.hooks:Event needs-retry.s3.PutObject: calling handler <bound method S3RegionRedirectorv2.redirect_from_error of <botocore.utils.S3RegionRedirectorv2 object at 0x000001B349EDDD90>>
DEBUG:s3transfer.utils:Releasing acquire 0/None
INFO:werkzeug:127.0.0.1 - - [14/Mar/2024 20:49:35] "PATCH /model HTTP/1.1" 200 -
